<?xml version="1.0" encoding="UTF-8"?>
<!-- Generated by org.testng.reporters.JUnitXMLReporter -->
<testsuite ignored="0" hostname="PARTHA" failures="0" tests="5" name="Test" time="33.646" errors="0" timestamp="2025-09-30T09:54:45 IST">
  <testcase classname="SeleniumPratices.TestNgGroups" name="B" time="2.042"/>
  <testcase classname="SeleniumPratices.TestNgGroups" name="B" time="1.674"/>
  <testcase classname="SeleniumPratices.TestNgGroups" name="B" time="2.934"/>
  <testcase classname="SeleniumPratices.TestNgGroups" name="A" time="0.03"/>
  <testcase classname="SeleniumPratices.TestNgGroups" name="C" time="0.046"/>
</testsuite> <!-- Test -->
