<?xml version="1.0" encoding="UTF-8"?>
<!-- Generated by org.testng.reporters.JUnitXMLReporter -->
<testsuite ignored="0" hostname="PARTHA" failures="0" tests="5" name="Test" time="33.537" errors="0" timestamp="2025-09-29T20:38:54 IST">
  <testcase classname="SeleniumPratices.TestNgGroups" name="B" time="1.67"/>
  <testcase classname="SeleniumPratices.TestNgGroups" name="B" time="2.413"/>
  <testcase classname="SeleniumPratices.TestNgGroups" name="B" time="1.563"/>
  <testcase classname="SeleniumPratices.TestNgGroups" name="A" time="0.043"/>
  <testcase classname="SeleniumPratices.TestNgGroups" name="C" time="0.036"/>
</testsuite> <!-- Test -->
