<?xml version="1.0" encoding="UTF-8"?>
<!-- Generated by org.testng.reporters.JUnitXMLReporter -->
<testsuite ignored="10" hostname="PARTHA" failures="0" tests="5" name="Test" time="108.884" errors="0" timestamp="2025-10-01T21:07:39 IST">
  <testcase classname="SeleniumPratices.TestNgGroups" name="B" time="33.6"/>
  <testcase classname="SeleniumPratices.TestNgGroups" name="B" time="9.422"/>
  <testcase classname="SeleniumPratices.TestNgGroups" name="B" time="2.573"/>
  <testcase classname="SeleniumPratices.TestNgGroups" name="A" time="0.019"/>
  <testcase classname="SeleniumPratices.TestNgGroups" name="C" time="0.032"/>
  <testcase classname="SeleniumPratices.AssertionInTestNg" name="verifyHomepageFunctionality" time="0.0">
    <ignored/>
  </testcase> <!-- verifyHomepageFunctionality -->
  <testcase classname="SeleniumPratices.HardAssertInTestNg$AssertionInTestNg" name="verifyHomepageFunctionality" time="0.0">
    <ignored/>
  </testcase> <!-- verifyHomepageFunctionality -->
  <testcase classname="SeleniumPratices.TestcasePriority" name="C" time="0.0">
    <ignored/>
  </testcase> <!-- C -->
  <testcase classname="SeleniumPratices.TestcasePriority" name="B" time="0.0">
    <ignored/>
  </testcase> <!-- B -->
  <testcase classname="SeleniumPratices.DataProviderInTestNg$VerifyValidLogin" name="verifyValidLogin" time="0.0">
    <ignored/>
  </testcase> <!-- verifyValidLogin -->
  <testcase classname="SeleniumPratices.TestcasePriority" name="A" time="0.0">
    <ignored/>
  </testcase> <!-- A -->
  <testcase classname="SeleniumPratices.TestNgAnnotation" name="testcase" time="0.0">
    <ignored/>
  </testcase> <!-- testcase -->
  <testcase classname="SeleniumPratices.VerifyValidLogin" name="verifyHomPageTitle" time="0.0">
    <ignored/>
  </testcase> <!-- verifyHomPageTitle -->
  <testcase classname="SeleniumPratices.VerifyValidLogin" name="verifyValidLogin" time="0.0">
    <ignored/>
  </testcase> <!-- verifyValidLogin -->
  <testcase classname="SeleniumPratices.VerifyValidLogin" name="verifyHomaPageUrl" time="0.0">
    <ignored/>
  </testcase> <!-- verifyHomaPageUrl -->
</testsuite> <!-- Test -->
