<?xml version="1.0" encoding="UTF-8"?>
<testng-results ignored="0" total="1" passed="1" failed="0" skipped="0">
  <reporter-output>
  </reporter-output>
  <suite started-at="2025-10-04T23:36:01 IST" name="Default suite" finished-at="2025-10-04T23:36:20 IST" duration-ms="18278">
    <groups>
    </groups>
    <test started-at="2025-10-04T23:36:01 IST" name="Default test" finished-at="2025-10-04T23:36:20 IST" duration-ms="18278">
      <class name="testcases.VerifyLoginFirstMsg">
        <test-method is-config="true" signature="setup()[pri:0, instance:testcases.VerifyLoginFirstMsg@206a70ef]" started-at="2025-10-04T23:36:01 IST" name="setup" finished-at="2025-10-04T23:36:11 IST" duration-ms="9773" status="PASS">
          <reporter-output>
          </reporter-output>
        </test-method> <!-- setup -->
        <test-method signature="verifyLoginFirstMsg()[pri:0, instance:testcases.VerifyLoginFirstMsg@206a70ef]" started-at="2025-10-04T23:36:11 IST" name="verifyLoginFirstMsg" finished-at="2025-10-04T23:36:19 IST" duration-ms="7991" status="PASS">
          <reporter-output>
          </reporter-output>
        </test-method> <!-- verifyLoginFirstMsg -->
        <test-method is-config="true" signature="tearDown()[pri:0, instance:testcases.VerifyLoginFirstMsg@206a70ef]" started-at="2025-10-04T23:36:19 IST" name="tearDown" finished-at="2025-10-04T23:36:20 IST" duration-ms="425" status="PASS">
          <reporter-output>
          </reporter-output>
        </test-method> <!-- tearDown -->
      </class> <!-- testcases.VerifyLoginFirstMsg -->
    </test> <!-- Default test -->
  </suite> <!-- Default suite -->
</testng-results>
